<?xml version="1.0" encoding="UTF-8"?>
<testsuite xmlns:xsi="http://www.w3.org/2001/XMLSchema-instance" xsi:noNamespaceSchemaLocation="https://maven.apache.org/surefire/maven-surefire-plugin/xsd/surefire-test-report-3.0.xsd" version="3.0" name="com.team4.compliance.ComplianceReportingMicroservicesApplicationTests" time="11.289" tests="1" errors="0" skipped="0" failures="0">
  <properties>
[...]
</properties>
  <testcase name="contextLoads" classname="com.team4.compliance.ComplianceReportingMicroservicesApplicationTests" time="1.73">
    <system-out><![CDATA[Standard Commons Logging discovery in action with spring-jcl: please remove commons-logging.jar from classpath in order to avoid potential conflicts
10:10:46.060 [main] INFO org.springframework.test.context.support.AnnotationConfigContextLoaderUtils -- Could not detect default configuration classes for test class [com.team4.compliance.ComplianceReportingMicroservicesApplicationTests]: ComplianceReportingMicroservicesApplicationTests does not declare any static, non-private, non-final, nested classes annotated with @Configuration.
10:10:46.241 [main] INFO org.springframework.boot.test.context.SpringBootTestContextBootstrapper -- Found @SpringBootConfiguration com.team4.compliance.ComplianceReportingMicroservicesApplication for test class com.team4.compliance.ComplianceReportingMicroservicesApplicationTests
10:10:46.643 [main] INFO org.springframework.boot.devtools.restart.RestartApplicationListener -- Restart disabled due to context in which it is running

  .   ____          _            __ _ _
 /\\ / ___'_ __ _ _(_)_ __  __ _ \ \ \ \
( ( )\___ | '_ | '_| | '_ \/ _` | \ \ \ \
 \\/  ___)| |_)| | | | | || (_| |  ) ) ) )
  '  |____| .__|_| |_|_| |_\__, | / / / /
 =========|_|==============|___/=/_/_/_/

 :: Spring Boot ::                (v3.3.2)

2024-07-22T10:10:47.234+05:30  INFO 20360 --- [compliance-reporting-microservices] [           main] ceReportingMicroservicesApplicationTests : Starting ComplianceReportingMicroservicesApplicationTests using Java 17.0.6 with PID 20360 (started by dhrub in D:\Eclipse\workspace\compliance-reporting-microservices)
2024-07-22T10:10:47.238+05:30  INFO 20360 --- [compliance-reporting-microservices] [           main] ceReportingMicroservicesApplicationTests : No active profile set, falling back to 1 default profile: "default"
2024-07-22T10:10:48.731+05:30  INFO 20360 --- [compliance-reporting-microservices] [           main] .s.d.r.c.RepositoryConfigurationDelegate : Bootstrapping Spring Data JPA repositories in DEFAULT mode.
2024-07-22T10:10:48.784+05:30  INFO 20360 --- [compliance-reporting-microservices] [           main] .s.d.r.c.RepositoryConfigurationDelegate : Finished Spring Data repository scanning in 35 ms. Found 0 JPA repository interfaces.
2024-07-22T10:10:49.823+05:30  INFO 20360 --- [compliance-reporting-microservices] [           main] o.hibernate.jpa.internal.util.LogHelper  : HHH000204: Processing PersistenceUnitInfo [name: default]
2024-07-22T10:10:49.941+05:30  INFO 20360 --- [compliance-reporting-microservices] [           main] org.hibernate.Version                    : HHH000412: Hibernate ORM core version 6.5.2.Final
2024-07-22T10:10:50.059+05:30  INFO 20360 --- [compliance-reporting-microservices] [           main] o.h.c.internal.RegionFactoryInitiator    : HHH000026: Second-level cache disabled
2024-07-22T10:10:50.104+05:30  INFO 20360 --- [compliance-reporting-microservices] [           main] o.hibernate.annotations.common.Version   : HCANN000001: Hibernate Commons Annotations {5.1.2.Final}
2024-07-22T10:10:51.062+05:30  INFO 20360 --- [compliance-reporting-microservices] [           main] o.s.o.j.p.SpringPersistenceUnitInfo      : No LoadTimeWeaver setup: ignoring JPA class transformer
2024-07-22T10:10:51.141+05:30  INFO 20360 --- [compliance-reporting-microservices] [           main] com.zaxxer.hikari.HikariDataSource       : HikariPool-1 - Starting...
2024-07-22T10:10:51.910+05:30  INFO 20360 --- [compliance-reporting-microservices] [           main] com.zaxxer.hikari.pool.HikariPool        : HikariPool-1 - Added connection com.mysql.cj.jdbc.ConnectionImpl@2036f83
2024-07-22T10:10:51.916+05:30  INFO 20360 --- [compliance-reporting-microservices] [           main] com.zaxxer.hikari.HikariDataSource       : HikariPool-1 - Start completed.
2024-07-22T10:10:53.220+05:30  INFO 20360 --- [compliance-reporting-microservices] [           main] o.h.e.t.j.p.i.JtaPlatformInitiator       : HHH000489: No JTA platform available (set 'hibernate.transaction.jta.platform' to enable JTA platform integration)
2024-07-22T10:10:53.240+05:30  INFO 20360 --- [compliance-reporting-microservices] [           main] j.LocalContainerEntityManagerFactoryBean : Initialized JPA EntityManagerFactory for persistence unit 'default'
2024-07-22T10:10:53.648+05:30  WARN 20360 --- [compliance-reporting-microservices] [           main] JpaBaseConfiguration$JpaWebConfiguration : spring.jpa.open-in-view is enabled by default. Therefore, database queries may be performed during view rendering. Explicitly configure spring.jpa.open-in-view to disable this warning
2024-07-22T10:10:55.203+05:30  INFO 20360 --- [compliance-reporting-microservices] [           main] ceReportingMicroservicesApplicationTests : Started ComplianceReportingMicroservicesApplicationTests in 8.584 seconds (process running for 10.516)
]]></system-out>
  </testcase>
</testsuite>